2014/08/11 15:24:38 [error] [exception.CHttpException.404] exception 'CHttpException' with message 'Unable to resolve the request "gii".' in /var/www/yii/framework/web/CWebApplication.php:286
Stack trace:
#0 /var/www/yii/framework/web/CWebApplication.php(141): CWebApplication->runController('gii')
#1 /var/www/yii/framework/base/CApplication.php(184): CWebApplication->processRequest()
#2 /var/www/2gis-4all/index.php(13): CApplication->run()
#3 {main}
REQUEST_URI=/index.php?r=gii
---
2014/08/11 15:25:15 [error] [exception.CDbException] exception 'CDbException' with message 'CDbConnection failed to open the DB connection: could not find driver' in /var/www/yii/framework/db/CDbConnection.php:399
Stack trace:
#0 /var/www/yii/framework/db/CDbConnection.php(347): CDbConnection->open()
#1 /var/www/yii/framework/db/CDbConnection.php(325): CDbConnection->setActive(true)
#2 /var/www/yii/framework/base/CModule.php(393): CDbConnection->init()
#3 /var/www/yii/framework/base/CModule.php(103): CModule->getComponent('db')
#4 /var/www/yii/framework/gii/generators/model/ModelCode.php(60): CModule->__get('db')
#5 /var/www/yii/framework/web/CFormModel.php(39): ModelCode->init()
#6 /var/www/yii/framework/gii/CCodeGenerator.php(153): CFormModel->__construct()
#7 /var/www/yii/framework/gii/CCodeGenerator.php(63): CCodeGenerator->prepare()
#8 /var/www/yii/framework/web/actions/CInlineAction.php(49): CCodeGenerator->actionIndex()
#9 /var/www/yii/framework/web/CController.php(308): CInlineAction->runWithParams(Array)
#10 /var/www/yii/framework/web/CController.php(286): CController->runAction(Object(CInlineAction))
#11 /var/www/yii/framework/web/CController.php(265): CController->runActionWithFilters(Object(CInlineAction), Array)
#12 /var/www/yii/framework/web/CWebApplication.php(282): CController->run('index')
#13 /var/www/yii/framework/web/CWebApplication.php(141): CWebApplication->runController('gii/model/index')
#14 /var/www/yii/framework/base/CApplication.php(184): CWebApplication->processRequest()
#15 /var/www/2gis-4all/index.php(13): CApplication->run()
#16 {main}
REQUEST_URI=/index.php?r=gii/model/index
HTTP_REFERER=http://127.0.0.1/index.php?r=gii/default/index
---
